# JRE version: Java(TM) SE Runtime Environment (7.0_40-b43) (build 1.7.0_40-b43)
# Java VM: Java HotSpot(TM) Client VM (24.0-b56 mixed mode, sharing windows-x86 )
Heap
 def new generation   total 62784K, used 51077K [0x243a0000, 0x287c0000, 0x298f0000)
  eden space 55808K,  80% used [0x243a0000, 0x26f522b8, 0x27a20000)
  from space 6976K,  90% used [0x27a20000, 0x2804f3f8, 0x280f0000)
  to   space 6976K,   0% used [0x280f0000, 0x280f0000, 0x287c0000)
 tenured generation   total 139368K, used 128038K [0x298f0000, 0x3210a000, 0x343a0000)
   the space 139368K,  91% used [0x298f0000, 0x315f9a48, 0x315f9c00, 0x3210a000)
 compacting perm gen  total 12288K, used 1514K [0x343a0000, 0x34fa0000, 0x383a0000)
   the space 12288K,  12% used [0x343a0000, 0x3451a8d0, 0x3451aa00, 0x34fa0000)
    ro space 10240K,  44% used [0x383a0000, 0x388173f0, 0x38817400, 0x38da0000)
    rw space 12288K,  52% used [0x38da0000, 0x393edd28, 0x393ede00, 0x399a0000)
GC Heap History (10 events):
Event: 472.143 GC heap before
{Heap before GC invocations=57 (full 6):
 def new generation   total 62784K, used 62121K [0x243a0000, 0x287c0000, 0x298f0000)
  eden space 55808K, 100% used [0x243a0000, 0x27a20000, 0x27a20000)
  from space 6976K,  90% used [0x280f0000, 0x2871a408, 0x287c0000)
  to   space 6976K,   0% used [0x27a20000, 0x27a20000, 0x280f0000)
 tenured generation   total 139368K, used 96303K [0x298f0000, 0x3210a000, 0x343a0000)
   the space 139368K,  69% used [0x298f0000, 0x2f6fbe80, 0x2f6fc000, 0x3210a000)
 compacting perm gen  total 12288K, used 1510K [0x343a0000, 0x34fa0000, 0x383a0000)
   the space 12288K,  12% used [0x343a0000, 0x34519af0, 0x34519c00, 0x34fa0000)
    ro space 10240K,  44% used [0x383a0000, 0x388173f0, 0x38817400, 0x38da0000)
    rw space 12288K,  52% used [0x38da0000, 0x393edd28, 0x393ede00, 0x399a0000)
Event: 472.174 GC heap after
Heap after GC invocations=58 (full 6):
 def new generation   total 62784K, used 6383K [0x243a0000, 0x287c0000, 0x298f0000)
  eden space 55808K,   0% used [0x243a0000, 0x243a0000, 0x27a20000)
  from space 6976K,  91% used [0x27a20000, 0x2805bde0, 0x280f0000)
  to   space 6976K,   0% used [0x280f0000, 0x280f0000, 0x287c0000)
 tenured generation   total 139368K, used 102610K [0x298f0000, 0x3210a000, 0x343a0000)
   the space 139368K,  73% used [0x298f0000, 0x2fd24aa0, 0x2fd24c00, 0x3210a000)
 compacting perm gen  total 12288K, used 1510K [0x343a0000, 0x34fa0000, 0x383a0000)
   the space 12288K,  12% used [0x343a0000, 0x34519af0, 0x34519c00, 0x34fa0000)
    ro space 10240K,  44% used [0x383a0000, 0x388173f0, 0x38817400, 0x38da0000)
    rw space 12288K,  52% used [0x38da0000, 0x393edd28, 0x393ede00, 0x399a0000)
}
Event: 496.024 GC heap before
{Heap before GC invocations=58 (full 6):
 def new generation   total 62784K, used 62191K [0x243a0000, 0x287c0000, 0x298f0000)
  eden space 55808K, 100% used [0x243a0000, 0x27a20000, 0x27a20000)
  from space 6976K,  91% used [0x27a20000, 0x2805bde0, 0x280f0000)
  to   space 6976K,   0% used [0x280f0000, 0x280f0000, 0x287c0000)
 tenured generation   total 139368K, used 102610K [0x298f0000, 0x3210a000, 0x343a0000)
   the space 139368K,  73% used [0x298f0000, 0x2fd24aa0, 0x2fd24c00, 0x3210a000)
 compacting perm gen  total 12288K, used 1510K [0x343a0000, 0x34fa0000, 0x383a0000)
   the space 12288K,  12% used [0x343a0000, 0x34519af0, 0x34519c00, 0x34fa0000)
    ro space 10240K,  44% used [0x383a0000, 0x388173f0, 0x38817400, 0x38da0000)
    rw space 12288K,  52% used [0x38da0000, 0x393edd28, 0x393ede00, 0x399a0000)
Event: 496.057 GC heap after
Heap after GC invocations=59 (full 6):
 def new generation   total 62784K, used 6309K [0x243a0000, 0x287c0000, 0x298f0000)
  eden space 55808K,   0% used [0x243a0000, 0x243a0000, 0x27a20000)
  from space 6976K,  90% used [0x280f0000, 0x28719540, 0x287c0000)
  to   space 6976K,   0% used [0x27a20000, 0x27a20000, 0x280f0000)
 tenured generation   total 139368K, used 108985K [0x298f0000, 0x3210a000, 0x343a0000)
   the space 139368K,  78% used [0x298f0000, 0x3035e448, 0x3035e600, 0x3210a000)
 compacting perm gen  total 12288K, used 1510K [0x343a0000, 0x34fa0000, 0x383a0000)
   the space 12288K,  12% used [0x343a0000, 0x34519af0, 0x34519c00, 0x34fa0000)
    ro space 10240K,  44% used [0x383a0000, 0x388173f0, 0x38817400, 0x38da0000)
    rw space 12288K,  52% used [0x38da0000, 0x393edd28, 0x393ede00, 0x399a0000)
}
Event: 520.162 GC heap before
{Heap before GC invocations=59 (full 6):
 def new generation   total 62784K, used 62117K [0x243a0000, 0x287c0000, 0x298f0000)
  eden space 55808K, 100% used [0x243a0000, 0x27a20000, 0x27a20000)
  from space 6976K,  90% used [0x280f0000, 0x28719540, 0x287c0000)
  to   space 6976K,   0% used [0x27a20000, 0x27a20000, 0x280f0000)
 tenured generation   total 139368K, used 108985K [0x298f0000, 0x3210a000, 0x343a0000)
   the space 139368K,  78% used [0x298f0000, 0x3035e448, 0x3035e600, 0x3210a000)
 compacting perm gen  total 12288K, used 1510K [0x343a0000, 0x34fa0000, 0x383a0000)
   the space 12288K,  12% used [0x343a0000, 0x34519af0, 0x34519c00, 0x34fa0000)
    ro space 10240K,  44% used [0x383a0000, 0x388173f0, 0x38817400, 0x38da0000)
    rw space 12288K,  52% used [0x38da0000, 0x393edd28, 0x393ede00, 0x399a0000)
Event: 520.197 GC heap after
Heap after GC invocations=60 (full 6):
 def new generation   total 62784K, used 6384K [0x243a0000, 0x287c0000, 0x298f0000)
  eden space 55808K,   0% used [0x243a0000, 0x243a0000, 0x27a20000)
  from space 6976K,  91% used [0x27a20000, 0x2805c008, 0x280f0000)
  to   space 6976K,   0% used [0x280f0000, 0x280f0000, 0x287c0000)
 tenured generation   total 139368K, used 115287K [0x298f0000, 0x3210a000, 0x343a0000)
   the space 139368K,  82% used [0x298f0000, 0x30985c30, 0x30985e00, 0x3210a000)
 compacting perm gen  total 12288K, used 1510K [0x343a0000, 0x34fa0000, 0x383a0000)
   the space 12288K,  12% used [0x343a0000, 0x34519af0, 0x34519c00, 0x34fa0000)
    ro space 10240K,  44% used [0x383a0000, 0x388173f0, 0x38817400, 0x38da0000)
    rw space 12288K,  52% used [0x38da0000, 0x393edd28, 0x393ede00, 0x399a0000)
}
Event: 544.296 GC heap before
{Heap before GC invocations=60 (full 6):
 def new generation   total 62784K, used 62192K [0x243a0000, 0x287c0000, 0x298f0000)
  eden space 55808K, 100% used [0x243a0000, 0x27a20000, 0x27a20000)
  from space 6976K,  91% used [0x27a20000, 0x2805c008, 0x280f0000)
  to   space 6976K,   0% used [0x280f0000, 0x280f0000, 0x287c0000)
 tenured generation   total 139368K, used 115287K [0x298f0000, 0x3210a000, 0x343a0000)
   the space 139368K,  82% used [0x298f0000, 0x30985c30, 0x30985e00, 0x3210a000)
 compacting perm gen  total 12288K, used 1510K [0x343a0000, 0x34fa0000, 0x383a0000)
   the space 12288K,  12% used [0x343a0000, 0x34519af0, 0x34519c00, 0x34fa0000)
    ro space 10240K,  44% used [0x383a0000, 0x388173f0, 0x38817400, 0x38da0000)
    rw space 12288K,  52% used [0x38da0000, 0x393edd28, 0x393ede00, 0x399a0000)
Event: 544.331 GC heap after
Heap after GC invocations=61 (full 6):
 def new generation   total 62784K, used 6383K [0x243a0000, 0x287c0000, 0x298f0000)
  eden space 55808K,   0% used [0x243a0000, 0x243a0000, 0x27a20000)
  from space 6976K,  91% used [0x280f0000, 0x2872bfe0, 0x287c0000)
  to   space 6976K,   0% used [0x27a20000, 0x27a20000, 0x280f0000)
 tenured generation   total 139368K, used 121663K [0x298f0000, 0x3210a000, 0x343a0000)
   the space 139368K,  87% used [0x298f0000, 0x30fbfec0, 0x30fc0000, 0x3210a000)
 compacting perm gen  total 12288K, used 1510K [0x343a0000, 0x34fa0000, 0x383a0000)
   the space 12288K,  12% used [0x343a0000, 0x34519af0, 0x34519c00, 0x34fa0000)
    ro space 10240K,  44% used [0x383a0000, 0x388173f0, 0x38817400, 0x38da0000)
    rw space 12288K,  52% used [0x38da0000, 0x393edd28, 0x393ede00, 0x399a0000)
}
Event: 570.027 GC heap before
{Heap before GC invocations=61 (full 6):
 def new generation   total 62784K, used 62191K [0x243a0000, 0x287c0000, 0x298f0000)
  eden space 55808K, 100% used [0x243a0000, 0x27a20000, 0x27a20000)
  from space 6976K,  91% used [0x280f0000, 0x2872bfe0, 0x287c0000)
  to   space 6976K,   0% used [0x27a20000, 0x27a20000, 0x280f0000)
 tenured generation   total 139368K, used 121663K [0x298f0000, 0x3210a000, 0x343a0000)
   the space 139368K,  87% used [0x298f0000, 0x30fbfec0, 0x30fc0000, 0x3210a000)
 compacting perm gen  total 12288K, used 1510K [0x343a0000, 0x34fa0000, 0x383a0000)
   the space 12288K,  12% used [0x343a0000, 0x34519af0, 0x34519c00, 0x34fa0000)
    ro space 10240K,  44% used [0x383a0000, 0x388173f0, 0x38817400, 0x38da0000)
    rw space 12288K,  52% used [0x38da0000, 0x393edd28, 0x393ede00, 0x399a0000)
Event: 570.059 GC heap after
Heap after GC invocations=62 (full 6):
 def new generation   total 62784K, used 6332K [0x243a0000, 0x287c0000, 0x298f0000)
  eden space 55808K,   0% used [0x243a0000, 0x243a0000, 0x27a20000)
  from space 6976K,  90% used [0x27a20000, 0x2804f3f8, 0x280f0000)
  to   space 6976K,   0% used [0x280f0000, 0x280f0000, 0x287c0000)
 tenured generation   total 139368K, used 128038K [0x298f0000, 0x3210a000, 0x343a0000)
   the space 139368K,  91% used [0x298f0000, 0x315f9a48, 0x315f9c00, 0x3210a000)
 compacting perm gen  total 12288K, used 1510K [0x343a0000, 0x34fa0000, 0x383a0000)
   the space 12288K,  12% used [0x343a0000, 0x34519af0, 0x34519c00, 0x34fa0000)
    ro space 10240K,  44% used [0x383a0000, 0x388173f0, 0x38817400, 0x38da0000)
    rw space 12288K,  52% used [0x38da0000, 0x393edd28, 0x393ede00, 0x399a0000)
}

